<?xml version="1.0" encoding="UTF-8"?>
<testsuites name="jest tests" tests="9" failures="4" errors="0" time="21.756">
  <testsuite name="Workflow Execution API" errors="0" failures="4" skipped="0" timestamp="2025-11-12T18:05:15" time="21.405" tests="9">
    <testcase classname="Workflow Execution API POST /api/workflows/execute should execute workflow with automation rule node" name="Workflow Execution API POST /api/workflows/execute should execute workflow with automation rule node" time="5.002">
      <failure>Error: thrown: &quot;Exceeded timeout of 5000 ms for a test.
Add a timeout value to this test to increase the timeout, if this is a long-running test. See https://jestjs.io/docs/api#testname-fn-timeout.&quot;
    at it (/Users/timmitchell/concierge-js/src/__tests__/api/workflows/execute.test.ts:150:5)
    at _dispatchDescribe (/Users/timmitchell/concierge-js/node_modules/jest-circus/build/index.js:91:26)
    at describe (/Users/timmitchell/concierge-js/node_modules/jest-circus/build/index.js:55:5)
    at describe (/Users/timmitchell/concierge-js/src/__tests__/api/workflows/execute.test.ts:149:3)
    at _dispatchDescribe (/Users/timmitchell/concierge-js/node_modules/jest-circus/build/index.js:91:26)
    at describe (/Users/timmitchell/concierge-js/node_modules/jest-circus/build/index.js:55:5)
    at Object.describe (/Users/timmitchell/concierge-js/src/__tests__/api/workflows/execute.test.ts:31:1)
    at Runtime._execModule (/Users/timmitchell/concierge-js/node_modules/jest-runtime/build/index.js:1439:24)
    at Runtime._loadModule (/Users/timmitchell/concierge-js/node_modules/jest-runtime/build/index.js:1022:12)
    at Runtime.requireModule (/Users/timmitchell/concierge-js/node_modules/jest-runtime/build/index.js:882:12)
    at jestAdapter (/Users/timmitchell/concierge-js/node_modules/jest-circus/build/legacy-code-todo-rewrite/jestAdapter.js:77:13)
    at processTicksAndRejections (node:internal/process/task_queues:105:5)
    at runTestInternal (/Users/timmitchell/concierge-js/node_modules/jest-runner/build/runTest.js:367:16)
    at runTest (/Users/timmitchell/concierge-js/node_modules/jest-runner/build/runTest.js:444:34)</failure>
    </testcase>
    <testcase classname="Workflow Execution API POST /api/workflows/execute should include automation_rule step in execution results" name="Workflow Execution API POST /api/workflows/execute should include automation_rule step in execution results" time="5.001">
      <failure>Error: thrown: &quot;Exceeded timeout of 5000 ms for a test.
Add a timeout value to this test to increase the timeout, if this is a long-running test. See https://jestjs.io/docs/api#testname-fn-timeout.&quot;
    at it (/Users/timmitchell/concierge-js/src/__tests__/api/workflows/execute.test.ts:181:5)
    at _dispatchDescribe (/Users/timmitchell/concierge-js/node_modules/jest-circus/build/index.js:91:26)
    at describe (/Users/timmitchell/concierge-js/node_modules/jest-circus/build/index.js:55:5)
    at describe (/Users/timmitchell/concierge-js/src/__tests__/api/workflows/execute.test.ts:149:3)
    at _dispatchDescribe (/Users/timmitchell/concierge-js/node_modules/jest-circus/build/index.js:91:26)
    at describe (/Users/timmitchell/concierge-js/node_modules/jest-circus/build/index.js:55:5)
    at Object.describe (/Users/timmitchell/concierge-js/src/__tests__/api/workflows/execute.test.ts:31:1)
    at Runtime._execModule (/Users/timmitchell/concierge-js/node_modules/jest-runtime/build/index.js:1439:24)
    at Runtime._loadModule (/Users/timmitchell/concierge-js/node_modules/jest-runtime/build/index.js:1022:12)
    at Runtime.requireModule (/Users/timmitchell/concierge-js/node_modules/jest-runtime/build/index.js:882:12)
    at jestAdapter (/Users/timmitchell/concierge-js/node_modules/jest-circus/build/legacy-code-todo-rewrite/jestAdapter.js:77:13)
    at processTicksAndRejections (node:internal/process/task_queues:105:5)
    at runTestInternal (/Users/timmitchell/concierge-js/node_modules/jest-runner/build/runTest.js:367:16)
    at runTest (/Users/timmitchell/concierge-js/node_modules/jest-runner/build/runTest.js:444:34)</failure>
    </testcase>
    <testcase classname="Workflow Execution API POST /api/workflows/execute should handle workflow not found gracefully" name="Workflow Execution API POST /api/workflows/execute should handle workflow not found gracefully" time="0.013">
    </testcase>
    <testcase classname="Workflow Execution API POST /api/workflows/execute should return 401 for unauthenticated user" name="Workflow Execution API POST /api/workflows/execute should return 401 for unauthenticated user" time="0.001">
    </testcase>
    <testcase classname="Workflow Execution API POST /api/workflows/execute should handle automation rule execution errors gracefully" name="Workflow Execution API POST /api/workflows/execute should handle automation rule execution errors gracefully" time="0.011">
    </testcase>
    <testcase classname="Workflow Execution API POST /api/workflows/execute should resolve template variables in automation rule actions" name="Workflow Execution API POST /api/workflows/execute should resolve template variables in automation rule actions" time="5">
      <failure>Error: thrown: &quot;Exceeded timeout of 5000 ms for a test.
Add a timeout value to this test to increase the timeout, if this is a long-running test. See https://jestjs.io/docs/api#testname-fn-timeout.&quot;
    at it (/Users/timmitchell/concierge-js/src/__tests__/api/workflows/execute.test.ts:277:5)
    at _dispatchDescribe (/Users/timmitchell/concierge-js/node_modules/jest-circus/build/index.js:91:26)
    at describe (/Users/timmitchell/concierge-js/node_modules/jest-circus/build/index.js:55:5)
    at describe (/Users/timmitchell/concierge-js/src/__tests__/api/workflows/execute.test.ts:149:3)
    at _dispatchDescribe (/Users/timmitchell/concierge-js/node_modules/jest-circus/build/index.js:91:26)
    at describe (/Users/timmitchell/concierge-js/node_modules/jest-circus/build/index.js:55:5)
    at Object.describe (/Users/timmitchell/concierge-js/src/__tests__/api/workflows/execute.test.ts:31:1)
    at Runtime._execModule (/Users/timmitchell/concierge-js/node_modules/jest-runtime/build/index.js:1439:24)
    at Runtime._loadModule (/Users/timmitchell/concierge-js/node_modules/jest-runtime/build/index.js:1022:12)
    at Runtime.requireModule (/Users/timmitchell/concierge-js/node_modules/jest-runtime/build/index.js:882:12)
    at jestAdapter (/Users/timmitchell/concierge-js/node_modules/jest-circus/build/legacy-code-todo-rewrite/jestAdapter.js:77:13)
    at processTicksAndRejections (node:internal/process/task_queues:105:5)
    at runTestInternal (/Users/timmitchell/concierge-js/node_modules/jest-runner/build/runTest.js:367:16)
    at runTest (/Users/timmitchell/concierge-js/node_modules/jest-runner/build/runTest.js:444:34)</failure>
    </testcase>
    <testcase classname="Workflow Execution API POST /api/workflows/execute should use actual recipient email from triggerData instead of placeholder" name="Workflow Execution API POST /api/workflows/execute should use actual recipient email from triggerData instead of placeholder" time="5.002">
      <failure>Error: thrown: &quot;Exceeded timeout of 5000 ms for a test.
Add a timeout value to this test to increase the timeout, if this is a long-running test. See https://jestjs.io/docs/api#testname-fn-timeout.&quot;
    at it (/Users/timmitchell/concierge-js/src/__tests__/api/workflows/execute.test.ts:300:5)
    at _dispatchDescribe (/Users/timmitchell/concierge-js/node_modules/jest-circus/build/index.js:91:26)
    at describe (/Users/timmitchell/concierge-js/node_modules/jest-circus/build/index.js:55:5)
    at describe (/Users/timmitchell/concierge-js/src/__tests__/api/workflows/execute.test.ts:149:3)
    at _dispatchDescribe (/Users/timmitchell/concierge-js/node_modules/jest-circus/build/index.js:91:26)
    at describe (/Users/timmitchell/concierge-js/node_modules/jest-circus/build/index.js:55:5)
    at Object.describe (/Users/timmitchell/concierge-js/src/__tests__/api/workflows/execute.test.ts:31:1)
    at Runtime._execModule (/Users/timmitchell/concierge-js/node_modules/jest-runtime/build/index.js:1439:24)
    at Runtime._loadModule (/Users/timmitchell/concierge-js/node_modules/jest-runtime/build/index.js:1022:12)
    at Runtime.requireModule (/Users/timmitchell/concierge-js/node_modules/jest-runtime/build/index.js:882:12)
    at jestAdapter (/Users/timmitchell/concierge-js/node_modules/jest-circus/build/legacy-code-todo-rewrite/jestAdapter.js:77:13)
    at processTicksAndRejections (node:internal/process/task_queues:105:5)
    at runTestInternal (/Users/timmitchell/concierge-js/node_modules/jest-runner/build/runTest.js:367:16)
    at runTest (/Users/timmitchell/concierge-js/node_modules/jest-runner/build/runTest.js:444:34)</failure>
    </testcase>
    <testcase classname="Workflow Execution API GET /api/workflows/execute should return execution history" name="Workflow Execution API GET /api/workflows/execute should return execution history" time="0.003">
    </testcase>
    <testcase classname="Workflow Execution API GET /api/workflows/execute should return 401 for unauthenticated user" name="Workflow Execution API GET /api/workflows/execute should return 401 for unauthenticated user" time="0.001">
    </testcase>
  </testsuite>
</testsuites>