<?xml version="1.0" encoding="UTF-8"?>
<testsuites name="jest tests" tests="32" failures="0" errors="0" time="0.698">
  <testsuite name="AutomationEngine" errors="0" failures="0" skipped="0" timestamp="2025-11-03T19:09:28" time="0.268" tests="13">
    <testcase classname="AutomationEngine addRule should add a new automation rule" name="AutomationEngine addRule should add a new automation rule" time="0.006">
    </testcase>
    <testcase classname="AutomationEngine addRule should generate unique IDs for different rules" name="AutomationEngine addRule should generate unique IDs for different rules" time="0">
    </testcase>
    <testcase classname="AutomationEngine executeRule should execute a rule successfully" name="AutomationEngine executeRule should execute a rule successfully" time="0.002">
    </testcase>
    <testcase classname="AutomationEngine executeRule should return false for non-existent rule" name="AutomationEngine executeRule should return false for non-existent rule" time="0">
    </testcase>
    <testcase classname="AutomationEngine executeRule should return false for disabled rule" name="AutomationEngine executeRule should return false for disabled rule" time="0">
    </testcase>
    <testcase classname="AutomationEngine getUserRules should return rules for a specific user" name="AutomationEngine getUserRules should return rules for a specific user" time="0.001">
    </testcase>
    <testcase classname="AutomationEngine toggleRule should enable/disable a rule" name="AutomationEngine toggleRule should enable/disable a rule" time="0">
    </testcase>
    <testcase classname="AutomationEngine toggleRule should return false for non-existent rule" name="AutomationEngine toggleRule should return false for non-existent rule" time="0">
    </testcase>
    <testcase classname="AutomationEngine deleteRule should delete a rule" name="AutomationEngine deleteRule should delete a rule" time="0.001">
    </testcase>
    <testcase classname="AutomationEngine deleteRule should return false for non-existent rule" name="AutomationEngine deleteRule should return false for non-existent rule" time="0">
    </testcase>
    <testcase classname="AutomationEngine action execution should execute send_email action" name="AutomationEngine action execution should execute send_email action" time="0.001">
    </testcase>
    <testcase classname="AutomationEngine action execution should execute create_calendar_event action" name="AutomationEngine action execution should execute create_calendar_event action" time="0">
    </testcase>
    <testcase classname="AutomationEngine action execution should execute wait action" name="AutomationEngine action execution should execute wait action" time="0.103">
    </testcase>
  </testsuite>
  <testsuite name="/api/automation/rules" errors="0" failures="0" skipped="0" timestamp="2025-11-03T19:09:28" time="0.035" tests="6">
    <testcase classname="/api/automation/rules GET should return automation rules for authenticated user" name="/api/automation/rules GET should return automation rules for authenticated user" time="0">
    </testcase>
    <testcase classname="/api/automation/rules GET should return 401 for unauthenticated user" name="/api/automation/rules GET should return 401 for unauthenticated user" time="0">
    </testcase>
    <testcase classname="/api/automation/rules POST should create a new automation rule" name="/api/automation/rules POST should create a new automation rule" time="0">
    </testcase>
    <testcase classname="/api/automation/rules POST should return 400 for missing required fields" name="/api/automation/rules POST should return 400 for missing required fields" time="0">
    </testcase>
    <testcase classname="/api/automation/rules POST should return 401 for unauthenticated user" name="/api/automation/rules POST should return 401 for unauthenticated user" time="0">
    </testcase>
    <testcase classname="/api/automation/rules POST should handle server errors gracefully" name="/api/automation/rules POST should handle server errors gracefully" time="0.001">
    </testcase>
  </testsuite>
  <testsuite name="/api/automation/smart-schedule" errors="0" failures="0" skipped="0" timestamp="2025-11-03T19:09:28" time="0.035" tests="7">
    <testcase classname="/api/automation/smart-schedule POST should auto-schedule an event successfully" name="/api/automation/smart-schedule POST should auto-schedule an event successfully" time="0.001">
    </testcase>
    <testcase classname="/api/automation/smart-schedule POST should return 400 for missing required fields" name="/api/automation/smart-schedule POST should return 400 for missing required fields" time="0">
    </testcase>
    <testcase classname="/api/automation/smart-schedule POST should return 400 when no optimal time found" name="/api/automation/smart-schedule POST should return 400 when no optimal time found" time="0">
    </testcase>
    <testcase classname="/api/automation/smart-schedule POST should return 401 for unauthenticated user" name="/api/automation/smart-schedule POST should return 401 for unauthenticated user" time="0">
    </testcase>
    <testcase classname="/api/automation/smart-schedule POST should handle server errors gracefully" name="/api/automation/smart-schedule POST should handle server errors gracefully" time="0.003">
    </testcase>
    <testcase classname="/api/automation/smart-schedule POST should handle different event types" name="/api/automation/smart-schedule POST should handle different event types" time="0">
    </testcase>
    <testcase classname="/api/automation/smart-schedule POST should handle flexible scheduling" name="/api/automation/smart-schedule POST should handle flexible scheduling" time="0">
    </testcase>
  </testsuite>
  <testsuite name="/api/automation/execute" errors="0" failures="0" skipped="0" timestamp="2025-11-03T19:09:28" time="0.032" tests="6">
    <testcase classname="/api/automation/execute POST should execute a rule successfully" name="/api/automation/execute POST should execute a rule successfully" time="0">
    </testcase>
    <testcase classname="/api/automation/execute POST should execute rule with default trigger data" name="/api/automation/execute POST should execute rule with default trigger data" time="0">
    </testcase>
    <testcase classname="/api/automation/execute POST should return 400 for missing ruleId" name="/api/automation/execute POST should return 400 for missing ruleId" time="0">
    </testcase>
    <testcase classname="/api/automation/execute POST should return 400 when rule execution fails" name="/api/automation/execute POST should return 400 when rule execution fails" time="0">
    </testcase>
    <testcase classname="/api/automation/execute POST should return 401 for unauthenticated user" name="/api/automation/execute POST should return 401 for unauthenticated user" time="0">
    </testcase>
    <testcase classname="/api/automation/execute POST should handle server errors gracefully" name="/api/automation/execute POST should handle server errors gracefully" time="0.002">
    </testcase>
  </testsuite>
</testsuites>