<?xml version="1.0" encoding="UTF-8"?>
<testsuites name="jest tests" tests="11" failures="0" errors="0" time="1.494">
  <testsuite name="Calendar Test Sync API Route" errors="0" failures="0" skipped="0" timestamp="2025-11-14T00:42:33" time="1.125" tests="11">
    <testcase classname="Calendar Test Sync API Route Authentication should return 401 if user is not authenticated" name="Calendar Test Sync API Route Authentication should return 401 if user is not authenticated" time="0.007">
    </testcase>
    <testcase classname="Calendar Test Sync API Route Event Creation should create calendar event from parsed appointment" name="Calendar Test Sync API Route Event Creation should create calendar event from parsed appointment" time="0.015">
    </testcase>
    <testcase classname="Calendar Test Sync API Route Event Creation should return error if email does not contain appointment information" name="Calendar Test Sync API Route Event Creation should return error if email does not contain appointment information" time="0.001">
    </testcase>
    <testcase classname="Calendar Test Sync API Route Event Creation should not create duplicate events" name="Calendar Test Sync API Route Event Creation should not create duplicate events" time="0.001">
    </testcase>
    <testcase classname="Calendar Test Sync API Route Calendar Sync should automatically sync event to external calendar when sync is enabled" name="Calendar Test Sync API Route Calendar Sync should automatically sync event to external calendar when sync is enabled" time="0.001">
    </testcase>
    <testcase classname="Calendar Test Sync API Route Calendar Sync should update event with external calendar info when sync succeeds" name="Calendar Test Sync API Route Calendar Sync should update event with external calendar info when sync succeeds" time="0.001">
    </testcase>
    <testcase classname="Calendar Test Sync API Route Calendar Sync should continue event creation even if calendar sync fails" name="Calendar Test Sync API Route Calendar Sync should continue event creation even if calendar sync fails" time="0.001">
    </testcase>
    <testcase classname="Calendar Test Sync API Route Notification should send notification when event is created" name="Calendar Test Sync API Route Notification should send notification when event is created" time="0.001">
    </testcase>
    <testcase classname="Calendar Test Sync API Route Notification should continue even if notification fails" name="Calendar Test Sync API Route Notification should continue even if notification fails" time="0.005">
    </testcase>
    <testcase classname="Calendar Test Sync API Route Error Handling should handle database connection errors" name="Calendar Test Sync API Route Error Handling should handle database connection errors" time="0.001">
    </testcase>
    <testcase classname="Calendar Test Sync API Route Error Handling should handle event save errors" name="Calendar Test Sync API Route Error Handling should handle event save errors" time="0.001">
    </testcase>
  </testsuite>
</testsuites>