<?xml version="1.0" encoding="UTF-8"?>
<testsuites name="jest tests" tests="17" failures="0" errors="0" time="0.4">
  <testsuite name="EmailParserService" errors="0" failures="0" skipped="0" timestamp="2025-11-13T00:40:27" time="0.136" tests="17">
    <testcase classname="EmailParserService parseAppointmentEmail should return null for non-appointment emails" name="EmailParserService parseAppointmentEmail should return null for non-appointment emails" time="0.001">
    </testcase>
    <testcase classname="EmailParserService parseAppointmentEmail should parse appointment email with date and time" name="EmailParserService parseAppointmentEmail should parse appointment email with date and time" time="0.001">
    </testcase>
    <testcase classname="EmailParserService parseAppointmentEmail should extract doctor name from email" name="EmailParserService parseAppointmentEmail should extract doctor name from email" time="0.001">
    </testcase>
    <testcase classname="EmailParserService parseAppointmentEmail should extract location from email body" name="EmailParserService parseAppointmentEmail should extract location from email body" time="0">
    </testcase>
    <testcase classname="EmailParserService parseAppointmentEmail should handle ISO date format" name="EmailParserService parseAppointmentEmail should handle ISO date format" time="0.001">
    </testcase>
    <testcase classname="EmailParserService parseAppointmentEmail should handle relative dates like &quot;today&quot;" name="EmailParserService parseAppointmentEmail should handle relative dates like &quot;today&quot;" time="0">
    </testcase>
    <testcase classname="EmailParserService parseAppointmentEmail should handle relative dates like &quot;tomorrow&quot;" name="EmailParserService parseAppointmentEmail should handle relative dates like &quot;tomorrow&quot;" time="0">
    </testcase>
    <testcase classname="EmailParserService parseAppointmentEmail should extract time from email" name="EmailParserService parseAppointmentEmail should extract time from email" time="0">
    </testcase>
    <testcase classname="EmailParserService parseAppointmentEmail should set allDay to true when no time is specified" name="EmailParserService parseAppointmentEmail should set allDay to true when no time is specified" time="0.001">
    </testcase>
    <testcase classname="EmailParserService parseAppointmentEmail should calculate confidence score" name="EmailParserService parseAppointmentEmail should calculate confidence score" time="0">
    </testcase>
    <testcase classname="EmailParserService parseAppointmentEmail should handle multiple appointment keywords" name="EmailParserService parseAppointmentEmail should handle multiple appointment keywords" time="0">
    </testcase>
    <testcase classname="EmailParserService parseAppointmentEmail should extract title from subject" name="EmailParserService parseAppointmentEmail should extract title from subject" time="0">
    </testcase>
    <testcase classname="EmailParserService parseAppointmentEmail should build description from email content" name="EmailParserService parseAppointmentEmail should build description from email content" time="0">
    </testcase>
    <testcase classname="EmailParserService parseAppointmentEmail should set default end date to 1 hour after start" name="EmailParserService parseAppointmentEmail should set default end date to 1 hour after start" time="0">
    </testcase>
    <testcase classname="EmailParserService parseAppointmentEmail should handle MM/DD/YYYY date format" name="EmailParserService parseAppointmentEmail should handle MM/DD/YYYY date format" time="0.001">
    </testcase>
    <testcase classname="EmailParserService parseAppointmentEmail should handle 12-hour time format with AM/PM" name="EmailParserService parseAppointmentEmail should handle 12-hour time format with AM/PM" time="0">
    </testcase>
    <testcase classname="EmailParserService parseAppointmentEmail should return null when no date can be extracted" name="EmailParserService parseAppointmentEmail should return null when no date can be extracted" time="0.011">
    </testcase>
  </testsuite>
</testsuites>